<?xml version="1.0" encoding="UTF-8"?>
<!-- Generated by org.testng.reporters.JUnitReportReporter -->
<testsuite hostname="DESKTOP-ODAQPF6" failures="0" tests="3" name="dataProvider.DataProvide" time="34.220" errors="0" timestamp="2022-05-19T12:28:00 EDT" skipped="0">
  <testcase classname="dataProvider.DataProvide" name="test" time="13.624"/>
  <system-out/>
  <testcase classname="dataProvider.DataProvide" name="test" time="9.062"/>
  <system-out/>
  <testcase classname="dataProvider.DataProvide" name="test" time="11.534"/>
  <system-out/>
</testsuite> <!-- dataProvider.DataProvide -->
