<?xml version="1.0" encoding="UTF-8"?>
<!-- Generated by org.testng.reporters.JUnitReportReporter -->
<testsuite hostname="DESKTOP-ODAQPF6" failures="0" tests="1" name="log4j_Pack.Log4j_Reports" time="6.829" errors="0" timestamp="2022-05-23T09:51:17 EDT" skipped="0">
  <testcase classname="log4j_Pack.Log4j_Reports" name="test" time="6.829"/>
  <system-out/>
</testsuite> <!-- log4j_Pack.Log4j_Reports -->
