<?xml version="1.0" encoding="UTF-8"?>
<!-- Generated by org.testng.reporters.JUnitReportReporter -->
<testsuite hostname="DESKTOP-ODAQPF6" failures="0" tests="3" name="crossBrowsing.CrossBrowser" time="40.464" errors="0" timestamp="2022-05-18T21:39:01 EDT" skipped="0">
  <testcase classname="crossBrowsing.CrossBrowser" name="test" time="13.834"/>
  <system-out/>
  <testcase classname="crossBrowsing.CrossBrowser" name="test" time="12.798"/>
  <system-out/>
  <testcase classname="crossBrowsing.CrossBrowser" name="test" time="13.832"/>
  <system-out/>
</testsuite> <!-- crossBrowsing.CrossBrowser -->
